[1.141s] Invoking command in '/target/deep_racer_listener': PYTHONPATH=/target/deep_racer_listener/build/deep_racer_listener/prefix_override:/target/deep_racer_listener/install/deep_racer_listener/lib/python3.10/site-packages:${PYTHONPATH} /usr/bin/python3 setup.py egg_info --egg-base build/deep_racer_listener build --build-base /target/deep_racer_listener/build/deep_racer_listener/build install --record /target/deep_racer_listener/build/deep_racer_listener/install.log --single-version-externally-managed
[1.462s] running egg_info
[1.467s] writing build/deep_racer_listener/deep_racer_listener.egg-info/PKG-INFO
[1.473s] writing dependency_links to build/deep_racer_listener/deep_racer_listener.egg-info/dependency_links.txt
[1.479s] writing entry points to build/deep_racer_listener/deep_racer_listener.egg-info/entry_points.txt
[1.484s] writing requirements to build/deep_racer_listener/deep_racer_listener.egg-info/requires.txt
[1.487s] writing top-level names to build/deep_racer_listener/deep_racer_listener.egg-info/top_level.txt
[1.505s] reading manifest file 'build/deep_racer_listener/deep_racer_listener.egg-info/SOURCES.txt'
[1.512s] writing manifest file 'build/deep_racer_listener/deep_racer_listener.egg-info/SOURCES.txt'
[1.515s] running build
[1.516s] running build_py
[1.520s] copying deep_racer_listener/deepracer_listener.py -> /target/deep_racer_listener/build/deep_racer_listener/build/lib/deep_racer_listener
[1.531s] running install
[1.531s] /usr/lib/python3/dist-packages/setuptools/command/install.py:34: SetuptoolsDeprecationWarning: setup.py install is deprecated. Use build and pip and other standards-based tools.
[1.531s]   warnings.warn(
[1.533s] running install_lib
[1.538s] copying /target/deep_racer_listener/build/deep_racer_listener/build/lib/deep_racer_listener/deepracer_listener.py -> /target/deep_racer_listener/install/deep_racer_listener/lib/python3.10/site-packages/deep_racer_listener
[1.548s] byte-compiling /target/deep_racer_listener/install/deep_racer_listener/lib/python3.10/site-packages/deep_racer_listener/deepracer_listener.py to deepracer_listener.cpython-310.pyc
[1.558s] running install_data
[1.562s] running install_egg_info
[1.563s] removing '/target/deep_racer_listener/install/deep_racer_listener/lib/python3.10/site-packages/deep_racer_listener-0.0.0-py3.10.egg-info' (and everything under it)
[1.572s] Copying build/deep_racer_listener/deep_racer_listener.egg-info to /target/deep_racer_listener/install/deep_racer_listener/lib/python3.10/site-packages/deep_racer_listener-0.0.0-py3.10.egg-info
[1.668s] running install_scripts
[1.702s] Installing deepracer_listener_node script to /target/deep_racer_listener/install/deep_racer_listener/lib/deep_racer_listener
[1.710s] writing list of installed files to '/target/deep_racer_listener/build/deep_racer_listener/install.log'
[1.739s] Invoked command in '/target/deep_racer_listener' returned '0': PYTHONPATH=/target/deep_racer_listener/build/deep_racer_listener/prefix_override:/target/deep_racer_listener/install/deep_racer_listener/lib/python3.10/site-packages:${PYTHONPATH} /usr/bin/python3 setup.py egg_info --egg-base build/deep_racer_listener build --build-base /target/deep_racer_listener/build/deep_racer_listener/build install --record /target/deep_racer_listener/build/deep_racer_listener/install.log --single-version-externally-managed
