running egg_info
creating build/deep_racer_listener/deep_racer_listener.egg-info
writing build/deep_racer_listener/deep_racer_listener.egg-info/PKG-INFO
writing dependency_links to build/deep_racer_listener/deep_racer_listener.egg-info/dependency_links.txt
writing entry points to build/deep_racer_listener/deep_racer_listener.egg-info/entry_points.txt
writing requirements to build/deep_racer_listener/deep_racer_listener.egg-info/requires.txt
writing top-level names to build/deep_racer_listener/deep_racer_listener.egg-info/top_level.txt
writing manifest file 'build/deep_racer_listener/deep_racer_listener.egg-info/SOURCES.txt'
reading manifest file 'build/deep_racer_listener/deep_racer_listener.egg-info/SOURCES.txt'
writing manifest file 'build/deep_racer_listener/deep_racer_listener.egg-info/SOURCES.txt'
running build
running build_py
creating /target/deepracer_listener/build/deep_racer_listener/build
creating /target/deepracer_listener/build/deep_racer_listener/build/lib
creating /target/deepracer_listener/build/deep_racer_listener/build/lib/deep_racer_listener
copying deep_racer_listener/deepracer_listener.py -> /target/deepracer_listener/build/deep_racer_listener/build/lib/deep_racer_listener
copying deep_racer_listener/__init__.py -> /target/deepracer_listener/build/deep_racer_listener/build/lib/deep_racer_listener
running install
running install_lib
creating /target/deepracer_listener/install/deep_racer_listener/lib/python3.10/site-packages/deep_racer_listener
copying /target/deepracer_listener/build/deep_racer_listener/build/lib/deep_racer_listener/deepracer_listener.py -> /target/deepracer_listener/install/deep_racer_listener/lib/python3.10/site-packages/deep_racer_listener
copying /target/deepracer_listener/build/deep_racer_listener/build/lib/deep_racer_listener/__init__.py -> /target/deepracer_listener/install/deep_racer_listener/lib/python3.10/site-packages/deep_racer_listener
byte-compiling /target/deepracer_listener/install/deep_racer_listener/lib/python3.10/site-packages/deep_racer_listener/deepracer_listener.py to deepracer_listener.cpython-310.pyc
byte-compiling /target/deepracer_listener/install/deep_racer_listener/lib/python3.10/site-packages/deep_racer_listener/__init__.py to __init__.cpython-310.pyc
running install_data
creating /target/deepracer_listener/install/deep_racer_listener/share/ament_index
creating /target/deepracer_listener/install/deep_racer_listener/share/ament_index/resource_index
creating /target/deepracer_listener/install/deep_racer_listener/share/ament_index/resource_index/packages
copying resource/deep_racer_listener -> /target/deepracer_listener/install/deep_racer_listener/share/ament_index/resource_index/packages
copying package.xml -> /target/deepracer_listener/install/deep_racer_listener/share/deep_racer_listener
running install_egg_info
Copying build/deep_racer_listener/deep_racer_listener.egg-info to /target/deepracer_listener/install/deep_racer_listener/lib/python3.10/site-packages/deep_racer_listener-0.0.0-py3.10.egg-info
running install_scripts
Installing deepracer_listener_node script to /target/deepracer_listener/install/deep_racer_listener/lib/deep_racer_listener
writing list of installed files to '/target/deepracer_listener/build/deep_racer_listener/install.log'
