[0.913s] Invoking command in '/target/deepracer_listener': PYTHONPATH=/target/deepracer_listener/build/deep_racer_listener/prefix_override:/target/deepracer_listener/install/deep_racer_listener/lib/python3.10/site-packages:${PYTHONPATH} /usr/bin/python3 setup.py egg_info --egg-base build/deep_racer_listener build --build-base /target/deepracer_listener/build/deep_racer_listener/build install --record /target/deepracer_listener/build/deep_racer_listener/install.log --single-version-externally-managed
[1.218s] running egg_info
[1.221s] creating build/deep_racer_listener/deep_racer_listener.egg-info
[1.223s] writing build/deep_racer_listener/deep_racer_listener.egg-info/PKG-INFO
[1.235s] writing dependency_links to build/deep_racer_listener/deep_racer_listener.egg-info/dependency_links.txt
[1.241s] writing entry points to build/deep_racer_listener/deep_racer_listener.egg-info/entry_points.txt
[1.245s] writing requirements to build/deep_racer_listener/deep_racer_listener.egg-info/requires.txt
[1.249s] writing top-level names to build/deep_racer_listener/deep_racer_listener.egg-info/top_level.txt
[1.254s] writing manifest file 'build/deep_racer_listener/deep_racer_listener.egg-info/SOURCES.txt'
[1.273s] reading manifest file 'build/deep_racer_listener/deep_racer_listener.egg-info/SOURCES.txt'
[1.282s] writing manifest file 'build/deep_racer_listener/deep_racer_listener.egg-info/SOURCES.txt'
[1.283s] running build
[1.284s] running build_py
[1.287s] creating /target/deepracer_listener/build/deep_racer_listener/build
[1.290s] creating /target/deepracer_listener/build/deep_racer_listener/build/lib
[1.292s] creating /target/deepracer_listener/build/deep_racer_listener/build/lib/deep_racer_listener
[1.296s] copying deep_racer_listener/deepracer_listener.py -> /target/deepracer_listener/build/deep_racer_listener/build/lib/deep_racer_listener
[1.304s] copying deep_racer_listener/__init__.py -> /target/deepracer_listener/build/deep_racer_listener/build/lib/deep_racer_listener
[1.310s] running install
[1.312s] /usr/lib/python3/dist-packages/setuptools/command/install.py:34: SetuptoolsDeprecationWarning: setup.py install is deprecated. Use build and pip and other standards-based tools.
[1.312s]   warnings.warn(
[1.313s] running install_lib
[1.318s] creating /target/deepracer_listener/install/deep_racer_listener/lib/python3.10/site-packages/deep_racer_listener
[1.321s] copying /target/deepracer_listener/build/deep_racer_listener/build/lib/deep_racer_listener/deepracer_listener.py -> /target/deepracer_listener/install/deep_racer_listener/lib/python3.10/site-packages/deep_racer_listener
[1.333s] copying /target/deepracer_listener/build/deep_racer_listener/build/lib/deep_racer_listener/__init__.py -> /target/deepracer_listener/install/deep_racer_listener/lib/python3.10/site-packages/deep_racer_listener
[1.349s] byte-compiling /target/deepracer_listener/install/deep_racer_listener/lib/python3.10/site-packages/deep_racer_listener/deepracer_listener.py to deepracer_listener.cpython-310.pyc
[1.366s] byte-compiling /target/deepracer_listener/install/deep_racer_listener/lib/python3.10/site-packages/deep_racer_listener/__init__.py to __init__.cpython-310.pyc
[1.379s] running install_data
[1.385s] creating /target/deepracer_listener/install/deep_racer_listener/share/ament_index
[1.389s] creating /target/deepracer_listener/install/deep_racer_listener/share/ament_index/resource_index
[1.393s] creating /target/deepracer_listener/install/deep_racer_listener/share/ament_index/resource_index/packages
[1.397s] copying resource/deep_racer_listener -> /target/deepracer_listener/install/deep_racer_listener/share/ament_index/resource_index/packages
[1.409s] copying package.xml -> /target/deepracer_listener/install/deep_racer_listener/share/deep_racer_listener
[1.418s] running install_egg_info
[1.421s] Copying build/deep_racer_listener/deep_racer_listener.egg-info to /target/deepracer_listener/install/deep_racer_listener/lib/python3.10/site-packages/deep_racer_listener-0.0.0-py3.10.egg-info
[1.498s] running install_scripts
[1.524s] Installing deepracer_listener_node script to /target/deepracer_listener/install/deep_racer_listener/lib/deep_racer_listener
[1.538s] writing list of installed files to '/target/deepracer_listener/build/deep_racer_listener/install.log'
[1.583s] Invoked command in '/target/deepracer_listener' returned '0': PYTHONPATH=/target/deepracer_listener/build/deep_racer_listener/prefix_override:/target/deepracer_listener/install/deep_racer_listener/lib/python3.10/site-packages:${PYTHONPATH} /usr/bin/python3 setup.py egg_info --egg-base build/deep_racer_listener build --build-base /target/deepracer_listener/build/deep_racer_listener/build install --record /target/deepracer_listener/build/deep_racer_listener/install.log --single-version-externally-managed
