[0.365s] DEBUG:colcon:Command line arguments: ['/usr/bin/colcon', 'build', '--packages-select', 'deep_racer_listener']
[0.365s] DEBUG:colcon:Parsed command line arguments: Namespace(log_base=None, log_level=None, verb_name='build', build_base='build', install_base='install', merge_install=False, symlink_install=False, test_result_base=None, continue_on_error=False, executor='parallel', parallel_workers=2, event_handlers=None, ignore_user_meta=False, metas=['./colcon.meta'], base_paths=['.'], packages_ignore=None, packages_ignore_regex=None, paths=None, packages_up_to=None, packages_up_to_regex=None, packages_above=None, packages_above_and_dependencies=None, packages_above_depth=None, packages_select_by_dep=None, packages_skip_by_dep=None, packages_skip_up_to=None, packages_select_build_failed=False, packages_skip_build_finished=False, packages_select_test_failures=False, packages_skip_test_passed=False, packages_select=['deep_racer_listener'], packages_skip=None, packages_select_regex=None, packages_skip_regex=None, packages_start=None, packages_end=None, cmake_args=None, cmake_target=None, cmake_target_skip_unavailable=False, cmake_clean_cache=False, cmake_clean_first=False, cmake_force_configure=False, ament_cmake_args=None, catkin_cmake_args=None, catkin_skip_building_tests=False, mixin_files=None, mixin=None, verb_parser=<colcon_mixin.mixin.mixin_argument.MixinArgumentDecorator object at 0x7f61afe22b00>, verb_extension=<colcon_core.verb.build.BuildVerb object at 0x7f61b07a5d50>, main=<bound method BuildVerb.main of <colcon_core.verb.build.BuildVerb object at 0x7f61b07a5d50>>, mixin_verb=('build',))
[0.397s] Level 1:colcon.colcon_core.package_discovery:discover_packages(colcon_meta) check parameters
[0.399s] INFO:colcon.colcon_metadata.package_discovery.colcon_meta:Using configuration from '/root/.colcon/metadata/default/Gazebo.meta'
[0.400s] INFO:colcon.colcon_metadata.package_discovery.colcon_meta:Using configuration from '/root/.colcon/metadata/default/fastrtps.meta'
[0.402s] Level 1:colcon.colcon_core.package_discovery:discover_packages(recursive) check parameters
[0.402s] Level 1:colcon.colcon_core.package_discovery:discover_packages(ignore) check parameters
[0.403s] Level 1:colcon.colcon_core.package_discovery:discover_packages(path) check parameters
[0.403s] Level 1:colcon.colcon_core.package_discovery:discover_packages(colcon_meta) discover
[0.404s] Level 1:colcon.colcon_core.package_discovery:discover_packages(recursive) discover
[0.404s] INFO:colcon.colcon_core.package_discovery:Crawling recursively for packages in '/target/deep_racer_listener'
[0.408s] Level 1:colcon.colcon_core.package_identification:_identify(.) by extensions ['ignore', 'ignore_ament_install']
[0.409s] Level 1:colcon.colcon_core.package_identification:_identify(.) by extension 'ignore'
[0.410s] Level 1:colcon.colcon_core.package_identification:_identify(.) by extension 'ignore_ament_install'
[0.413s] Level 1:colcon.colcon_core.package_identification:_identify(.) by extensions ['colcon_pkg']
[0.413s] Level 1:colcon.colcon_core.package_identification:_identify(.) by extension 'colcon_pkg'
[0.415s] Level 1:colcon.colcon_core.package_identification:_identify(.) by extensions ['colcon_meta']
[0.415s] Level 1:colcon.colcon_core.package_identification:_identify(.) by extension 'colcon_meta'
[0.416s] Level 1:colcon.colcon_core.package_identification:_identify(.) by extensions ['ros']
[0.416s] Level 1:colcon.colcon_core.package_identification:_identify(.) by extension 'ros'
[0.446s] DEBUG:colcon.colcon_core.package_identification:Package '.' with type 'ros.ament_python' and name 'deep_racer_listener'
[0.446s] Level 1:colcon.colcon_core.package_discovery:discover_packages(recursive) using defaults
[0.447s] Level 1:colcon.colcon_core.package_discovery:discover_packages(ignore) discover
[0.447s] Level 1:colcon.colcon_core.package_discovery:discover_packages(ignore) using defaults
[0.447s] Level 1:colcon.colcon_core.package_discovery:discover_packages(path) discover
[0.448s] Level 1:colcon.colcon_core.package_discovery:discover_packages(path) using defaults
[0.481s] Level 5:colcon.colcon_core.verb:set package 'deep_racer_listener' build argument 'cmake_args' from command line to 'None'
[0.482s] Level 5:colcon.colcon_core.verb:set package 'deep_racer_listener' build argument 'cmake_target' from command line to 'None'
[0.483s] Level 5:colcon.colcon_core.verb:set package 'deep_racer_listener' build argument 'cmake_target_skip_unavailable' from command line to 'False'
[0.483s] Level 5:colcon.colcon_core.verb:set package 'deep_racer_listener' build argument 'cmake_clean_cache' from command line to 'False'
[0.484s] Level 5:colcon.colcon_core.verb:set package 'deep_racer_listener' build argument 'cmake_clean_first' from command line to 'False'
[0.484s] Level 5:colcon.colcon_core.verb:set package 'deep_racer_listener' build argument 'cmake_force_configure' from command line to 'False'
[0.485s] Level 5:colcon.colcon_core.verb:set package 'deep_racer_listener' build argument 'ament_cmake_args' from command line to 'None'
[0.485s] Level 5:colcon.colcon_core.verb:set package 'deep_racer_listener' build argument 'catkin_cmake_args' from command line to 'None'
[0.486s] Level 5:colcon.colcon_core.verb:set package 'deep_racer_listener' build argument 'catkin_skip_building_tests' from command line to 'False'
[0.487s] DEBUG:colcon.colcon_core.verb:Building package 'deep_racer_listener' with the following arguments: {'ament_cmake_args': None, 'build_base': '/target/deep_racer_listener/build/deep_racer_listener', 'catkin_cmake_args': None, 'catkin_skip_building_tests': False, 'cmake_args': None, 'cmake_clean_cache': False, 'cmake_clean_first': False, 'cmake_force_configure': False, 'cmake_target': None, 'cmake_target_skip_unavailable': False, 'install_base': '/target/deep_racer_listener/install/deep_racer_listener', 'merge_install': False, 'path': '/target/deep_racer_listener', 'symlink_install': False, 'test_result_base': None}
[0.488s] INFO:colcon.colcon_core.executor:Executing jobs using 'parallel' executor
[0.492s] DEBUG:colcon.colcon_parallel_executor.executor.parallel:run_until_complete
[0.493s] INFO:colcon.colcon_ros.task.ament_python.build:Building ROS package in '/target/deep_racer_listener' with build type 'ament_python'
[0.493s] Level 1:colcon.colcon_core.shell:create_environment_hook('deep_racer_listener', 'ament_prefix_path')
[0.503s] INFO:colcon.colcon_core.plugin_system:Skipping extension 'colcon_core.shell.bat': Not used on non-Windows systems
[0.504s] INFO:colcon.colcon_core.shell:Creating environment hook '/target/deep_racer_listener/install/deep_racer_listener/share/deep_racer_listener/hook/ament_prefix_path.ps1'
[0.513s] INFO:colcon.colcon_core.shell:Creating environment descriptor '/target/deep_racer_listener/install/deep_racer_listener/share/deep_racer_listener/hook/ament_prefix_path.dsv'
[0.517s] INFO:colcon.colcon_core.shell:Creating environment hook '/target/deep_racer_listener/install/deep_racer_listener/share/deep_racer_listener/hook/ament_prefix_path.sh'
[0.524s] INFO:colcon.colcon_core.shell:Skip shell extension 'powershell' for command environment: Not usable outside of PowerShell
[0.524s] DEBUG:colcon.colcon_core.shell:Skip shell extension 'dsv' for command environment
[0.893s] INFO:colcon.colcon_core.task.python.build:Building Python package in '/target/deep_racer_listener'
[0.896s] INFO:colcon.colcon_core.shell:Skip shell extension 'powershell' for command environment: Not usable outside of PowerShell
[0.896s] DEBUG:colcon.colcon_core.shell:Skip shell extension 'dsv' for command environment
[1.494s] DEBUG:colcon.colcon_core.event_handler.log_command:Invoking command in '/target/deep_racer_listener': PYTHONPATH=/target/deep_racer_listener/build/deep_racer_listener/prefix_override:/target/deep_racer_listener/install/deep_racer_listener/lib/python3.10/site-packages:${PYTHONPATH} /usr/bin/python3 setup.py egg_info --egg-base build/deep_racer_listener build --build-base /target/deep_racer_listener/build/deep_racer_listener/build install --record /target/deep_racer_listener/build/deep_racer_listener/install.log --single-version-externally-managed
[2.101s] DEBUG:colcon.colcon_core.event_handler.log_command:Invoked command in '/target/deep_racer_listener' returned '0': PYTHONPATH=/target/deep_racer_listener/build/deep_racer_listener/prefix_override:/target/deep_racer_listener/install/deep_racer_listener/lib/python3.10/site-packages:${PYTHONPATH} /usr/bin/python3 setup.py egg_info --egg-base build/deep_racer_listener build --build-base /target/deep_racer_listener/build/deep_racer_listener/build install --record /target/deep_racer_listener/build/deep_racer_listener/install.log --single-version-externally-managed
[2.103s] Level 1:colcon.colcon_core.environment:checking '/target/deep_racer_listener/install/deep_racer_listener' for CMake module files
[2.130s] Level 1:colcon.colcon_core.environment:checking '/target/deep_racer_listener/install/deep_racer_listener' for CMake config files
[2.166s] Level 1:colcon.colcon_core.environment:checking '/target/deep_racer_listener/install/deep_racer_listener/lib'
[2.167s] Level 1:colcon.colcon_core.environment:checking '/target/deep_racer_listener/install/deep_racer_listener/bin'
[2.168s] Level 1:colcon.colcon_core.environment:checking '/target/deep_racer_listener/install/deep_racer_listener/lib/pkgconfig/deep_racer_listener.pc'
[2.170s] Level 1:colcon.colcon_core.environment:checking '/target/deep_racer_listener/install/deep_racer_listener/lib/python3.10/site-packages'
[2.171s] Level 1:colcon.colcon_core.shell:create_environment_hook('deep_racer_listener', 'pythonpath')
[2.172s] INFO:colcon.colcon_core.shell:Creating environment hook '/target/deep_racer_listener/install/deep_racer_listener/share/deep_racer_listener/hook/pythonpath.ps1'
[2.176s] INFO:colcon.colcon_core.shell:Creating environment descriptor '/target/deep_racer_listener/install/deep_racer_listener/share/deep_racer_listener/hook/pythonpath.dsv'
[2.180s] INFO:colcon.colcon_core.shell:Creating environment hook '/target/deep_racer_listener/install/deep_racer_listener/share/deep_racer_listener/hook/pythonpath.sh'
[2.183s] Level 1:colcon.colcon_core.environment:checking '/target/deep_racer_listener/install/deep_racer_listener/bin'
[2.184s] Level 1:colcon.colcon_core.environment:create_environment_scripts_only(deep_racer_listener)
[2.185s] INFO:colcon.colcon_core.shell:Creating package script '/target/deep_racer_listener/install/deep_racer_listener/share/deep_racer_listener/package.ps1'
[2.190s] INFO:colcon.colcon_core.shell:Creating package descriptor '/target/deep_racer_listener/install/deep_racer_listener/share/deep_racer_listener/package.dsv'
[2.193s] INFO:colcon.colcon_core.shell:Creating package script '/target/deep_racer_listener/install/deep_racer_listener/share/deep_racer_listener/package.sh'
[2.196s] INFO:colcon.colcon_core.shell:Creating package script '/target/deep_racer_listener/install/deep_racer_listener/share/deep_racer_listener/package.bash'
[2.200s] INFO:colcon.colcon_core.shell:Creating package script '/target/deep_racer_listener/install/deep_racer_listener/share/deep_racer_listener/package.zsh'
[2.203s] Level 1:colcon.colcon_core.environment:create_file_with_runtime_dependencies(/target/deep_racer_listener/install/deep_racer_listener/share/colcon-core/packages/deep_racer_listener)
[2.207s] DEBUG:colcon.colcon_parallel_executor.executor.parallel:closing loop
[2.209s] DEBUG:colcon.colcon_parallel_executor.executor.parallel:loop closed
[2.211s] DEBUG:colcon.colcon_parallel_executor.executor.parallel:run_until_complete finished with '0'
[2.211s] DEBUG:colcon.colcon_core.event_reactor:joining thread
[2.224s] INFO:colcon.colcon_core.plugin_system:Skipping extension 'colcon_notification.desktop_notification.notify_send': Could not find 'notify-send'
[2.225s] INFO:colcon.colcon_core.plugin_system:Skipping extension 'colcon_notification.desktop_notification.terminal_notifier': Not used on non-Darwin systems
[2.225s] INFO:colcon.colcon_core.plugin_system:Skipping extension 'colcon_notification.desktop_notification.win32': Not used on non-Windows systems
[2.226s] INFO:colcon.colcon_notification.desktop_notification:Sending desktop notification using 'notify2'
[2.226s] DEBUG:colcon.colcon_notification.desktop_notification.notify2:Failed to initialize notify2: org.freedesktop.DBus.Error.NotSupported: Unable to autolaunch a dbus-daemon without a $DISPLAY for X11
[2.227s] DEBUG:colcon.colcon_core.event_reactor:joined thread
[2.229s] INFO:colcon.colcon_core.shell:Creating prefix script '/target/deep_racer_listener/install/local_setup.ps1'
[2.233s] INFO:colcon.colcon_core.shell:Creating prefix util module '/target/deep_racer_listener/install/_local_setup_util_ps1.py'
[2.240s] INFO:colcon.colcon_core.shell:Creating prefix chain script '/target/deep_racer_listener/install/setup.ps1'
[2.251s] INFO:colcon.colcon_core.shell:Creating prefix script '/target/deep_racer_listener/install/local_setup.sh'
[2.256s] INFO:colcon.colcon_core.shell:Creating prefix util module '/target/deep_racer_listener/install/_local_setup_util_sh.py'
[2.261s] INFO:colcon.colcon_core.shell:Creating prefix chain script '/target/deep_racer_listener/install/setup.sh'
[2.270s] INFO:colcon.colcon_core.shell:Creating prefix script '/target/deep_racer_listener/install/local_setup.bash'
[2.274s] INFO:colcon.colcon_core.shell:Creating prefix chain script '/target/deep_racer_listener/install/setup.bash'
[2.283s] INFO:colcon.colcon_core.shell:Creating prefix script '/target/deep_racer_listener/install/local_setup.zsh'
[2.288s] INFO:colcon.colcon_core.shell:Creating prefix chain script '/target/deep_racer_listener/install/setup.zsh'
